INFO  time: initialize in 0.77s
WARN  no build tool detected in workspace '/home/thang/Dropbox/ppl/ast'. The most common cause for this problem is that the editor was opened in the wrong working directory, for example if you use sbt then the workspace directory should contain build.sbt. 
WARN  no build target: /home/thang/Dropbox/ppl/ast/ASTGen.scala
INFO  no build target: using presentation compiler with only scala-library
WARN  no build target: /home/thang/Dropbox/ppl/ast/ASTGen.scala
WARN  no build target: /home/thang/Dropbox/ppl/ast/ASTGen.scala
WARN  no build target: /home/thang/Dropbox/ppl/oop-fp/scala-tutorial/BetweenTwoSets.scala
WARN  no build target: /home/thang/Dropbox/ppl/oop-fp/scala-tutorial/BirthdayChocolate.scala
WARN  no build target: /home/thang/Dropbox/ppl/ast/ASTGen.scala
WARN  no build target: /home/thang/Dropbox/ppl/ast/ASTGen.scala
WARN  no build target: /home/thang/Dropbox/ppl/ast/ASTGen.scala
WARN  no build target: /home/thang/Dropbox/ppl/ast/ASTGen.scala
WARN  no build target: /home/thang/Dropbox/ppl/ast/ASTGen.scala
WARN  no build target: /home/thang/Dropbox/ppl/ast/ASTGen.scala
WARN  no build target: /home/thang/Dropbox/ppl/ast/ASTGen.scala
WARN  no build target: /home/thang/Dropbox/ppl/ast/ASTGen.scala
WARN  no build target: /home/thang/Dropbox/ppl/oop-fp/scala-tutorial/BirthdayChocolate.scala
WARN  no build target: /home/thang/Dropbox/ppl/ast/ASTGen.scala
WARN  no build target: /home/thang/Dropbox/ppl/ast/ASTGen.scala
something's wrong: no file:///home/thang/Dropbox/ppl/ast/ASTGen.scala in Array[<error>]RangePosition(file:///home/thang/Dropbox/ppl/ast/ASTGen.scala, 35, 35, 50)
something's wrong: no file:///home/thang/Dropbox/ppl/ast/ASTGen.scala in Array[<error>]RangePosition(file:///home/thang/Dropbox/ppl/ast/ASTGen.scala, 35, 35, 43)
something's wrong: no file:///home/thang/Dropbox/ppl/ast/ASTGen.scala in Array[String]RangePosition(file:///home/thang/Dropbox/ppl/ast/ASTGen.scala, 35, 35, 48)
something's wrong: no file:///home/thang/Dropbox/ppl/ast/ASTGen.scala in Array[String]RangePosition(file:///home/thang/Dropbox/ppl/ast/ASTGen.scala, 35, 35, 48)
something's wrong: no file:///home/thang/Dropbox/ppl/ast/ASTGen.scala in Array[String]RangePosition(file:///home/thang/Dropbox/ppl/ast/ASTGen.scala, 35, 35, 48)
something's wrong: no file:///home/thang/Dropbox/ppl/ast/ASTGen.scala in Array[String]RangePosition(file:///home/thang/Dropbox/ppl/ast/ASTGen.scala, 35, 35, 48)
WARN  no build target: /home/thang/Dropbox/ppl/ast/ASTGen.scala
WARN  no build target: /home/thang/Dropbox/ppl/ast/ASTGen.scala
WARN  no build target: /home/thang/Dropbox/ppl/ast/ASTGen.scala
WARN  no build target: /home/thang/Dropbox/ppl/ast/ASTGen.scala
WARN  no build target: /home/thang/Dropbox/ppl/ast/ASTGen.scala
WARN  no build target: /home/thang/Dropbox/ppl/ast/ASTGen.scala
WARN  no build target: /home/thang/Dropbox/ppl/ast/ASTGen.scala
WARN  no build target: /home/thang/Dropbox/ppl/ast/ASTGen.scala
WARN  no build target: /home/thang/Dropbox/ppl/ast/ASTGen.scala
WARN  no build target: /home/thang/Dropbox/ppl/ast/ASTGen.scala
WARN  no build target: /home/thang/Dropbox/ppl/ast/ASTGen.scala
WARN  no build target: /home/thang/Dropbox/ppl/ast/ASTGen.scala
WARN  no build target: /home/thang/Dropbox/ppl/ast/ASTGen.scala
WARN  no build target: /home/thang/Dropbox/ppl/ast/ASTGen.scala
WARN  no build target: /home/thang/Dropbox/ppl/ast/ASTGen.scala
WARN  no build target: /home/thang/Dropbox/ppl/ast/ASTGen.scala
WARN  no build target: /home/thang/Dropbox/ppl/ast/ASTGen.scala
WARN  no build target: /home/thang/Dropbox/ppl/ast/ASTGen.scala
WARN  no build target: /home/thang/Dropbox/ppl/ast/ASTGen.scala
WARN  no build target: /home/thang/Dropbox/ppl/ast/ASTGen.scala
WARN  no build target: /home/thang/Dropbox/ppl/ast/ASTGen.scala
WARN  no build target: /home/thang/Dropbox/ppl/ast/ASTGen.scala
WARN  no build target: /home/thang/Dropbox/ppl/ast/ASTGen.scala
WARN  no build target: /home/thang/Dropbox/ppl/ast/ASTGen.scala
WARN  no build target: /home/thang/Dropbox/ppl/ast/ASTGen.scala
WARN  no build target: /home/thang/Dropbox/ppl/ast/ASTGen.scala
WARN  no build target: /home/thang/Dropbox/ppl/ast/ASTGen.scala
WARN  no build target: /home/thang/Dropbox/ppl/ast/ASTGen.scala
WARN  no build target: /home/thang/Dropbox/ppl/ast/ASTGen.scala
WARN  no build target: /home/thang/Dropbox/ppl/ast/ASTGen.scala
WARN  no build target: /home/thang/Dropbox/ppl/ast/ASTGen.scala
WARN  no build target: /home/thang/Dropbox/ppl/ast/ASTGen.scala
WARN  no build target: /home/thang/Dropbox/ppl/ast/ASTGen.scala
WARN  no build target: /home/thang/Dropbox/ppl/ast/ASTGen.scala
WARN  no build target: /home/thang/Dropbox/ppl/ast/ASTGen.scala
WARN  no build target: /home/thang/Dropbox/ppl/ast/ASTGen.scala
WARN  no build target: /home/thang/Dropbox/ppl/ast/ASTGen.scala
WARN  no build target: /home/thang/Dropbox/ppl/ast/ASTGen.scala
WARN  no build target: /home/thang/Dropbox/ppl/ast/ASTGen.scala
WARN  no build target: /home/thang/Dropbox/ppl/ast/ASTGen.scala
WARN  no build target: /home/thang/Dropbox/ppl/ast/ASTGen.scala
WARN  no build target: /home/thang/Dropbox/ppl/ast/ASTGen.scala
WARN  no build target: /home/thang/Dropbox/ppl/ast/ASTGen.scala
WARN  no build target: /home/thang/Dropbox/ppl/ast/ASTGen.scala
WARN  no build target: /home/thang/Dropbox/ppl/ast/ASTGen.scala
WARN  no build target: /home/thang/Dropbox/ppl/ast/ASTGen.scala
WARN  no build target: /home/thang/Dropbox/ppl/ast/ASTGen.scala
WARN  no build target: /home/thang/Dropbox/ppl/ast/ASTGen.scala
WARN  no build target: /home/thang/Dropbox/ppl/ast/ASTGen.scala
WARN  no build target: /home/thang/Dropbox/ppl/ast/ASTGen.scala
WARN  no build target: /home/thang/Dropbox/ppl/ast/ASTGen.scala
WARN  no build target: /home/thang/Dropbox/ppl/ast/ASTGen.scala
WARN  no build target: /home/thang/Dropbox/ppl/ast/ASTGen.scala
WARN  no build target: /home/thang/Dropbox/ppl/ast/ASTGen.scala
WARN  no build target: /home/thang/Dropbox/ppl/ast/ASTGen.scala
WARN  no build target: /home/thang/Dropbox/ppl/ast/ASTGen.scala
WARN  no build target: /home/thang/Dropbox/ppl/ast/ASTGen.scala
WARN  no build target: /home/thang/Dropbox/ppl/ast/ASTGen.scala
WARN  no build target: /home/thang/Dropbox/ppl/ast/ASTGen.scala
WARN  no build target: /home/thang/Dropbox/ppl/ast/ASTGen.scala
WARN  no build target: /home/thang/Dropbox/ppl/ast/ASTGen.scala
WARN  no build target: /home/thang/Dropbox/ppl/ast/ASTGen.scala
WARN  no build target: /home/thang/Dropbox/ppl/ast/ASTGen.scala
WARN  no build target: /home/thang/Dropbox/ppl/ast/ASTGen.scala
WARN  no build target: /home/thang/Dropbox/ppl/ast/ASTGen.scala
WARN  no build target: /home/thang/Dropbox/ppl/ast/ASTGen.scala
WARN  no build target: /home/thang/Dropbox/ppl/ast/ASTGen.scala
WARN  no build target: /home/thang/Dropbox/ppl/ast/ASTGen.scala
WARN  no build target: /home/thang/Dropbox/ppl/ast/ASTGen.scala
WARN  no build target: /home/thang/Dropbox/ppl/ast/ASTGen.scala
WARN  no build target: /home/thang/Dropbox/ppl/ast/ASTGen.scala
WARN  no build target: /home/thang/Dropbox/ppl/ast/ASTGen.scala
WARN  no build target: /home/thang/Dropbox/ppl/ast/ASTGen.scala
WARN  no build target: /home/thang/Dropbox/ppl/ast/ASTGen.scala
WARN  no build target: /home/thang/Dropbox/ppl/ast/ASTGen.scala
WARN  no build target: /home/thang/Dropbox/ppl/ast/ASTGen.scala
WARN  no build target: /home/thang/Dropbox/ppl/ast/ASTGen.scala
WARN  no build target: /home/thang/Dropbox/ppl/ast/ASTGen.scala
WARN  no build target: /home/thang/Dropbox/ppl/ast/ASTGen.scala
WARN  no build target: /home/thang/Dropbox/ppl/ast/ASTGen.scala
WARN  no build target: /home/thang/Dropbox/ppl/ast/ASTGen.scala
WARN  no build target: /home/thang/Dropbox/ppl/ast/ASTGen.scala
WARN  no build target: /home/thang/Dropbox/ppl/ast/ASTGen.scala
WARN  no build target: /home/thang/Dropbox/ppl/ast/ASTGen.scala
WARN  no build target: /home/thang/Dropbox/ppl/ast/ASTGen.scala
WARN  no build target: /home/thang/Dropbox/ppl/ast/ASTGen.scala
WARN  no build target: /home/thang/Dropbox/ppl/ast/ASTGen.scala
WARN  no build target: /home/thang/Dropbox/ppl/ast/ASTGen.scala
WARN  no build target: /home/thang/Dropbox/ppl/ast/ASTGen.scala
WARN  no build target: /home/thang/Dropbox/ppl/ast/ASTGen.scala
WARN  no build target: /home/thang/Dropbox/ppl/ast/ASTGen.scala
WARN  no build target: /home/thang/Dropbox/ppl/ast/ASTGen.scala
WARN  no build target: /home/thang/Dropbox/ppl/ast/ASTGen.scala
WARN  no build target: /home/thang/Dropbox/ppl/ast/ASTGen.scala
WARN  no build target: /home/thang/Dropbox/ppl/ast/ASTGen.scala
WARN  no build target: /home/thang/Dropbox/ppl/ast/ASTGen.scala
WARN  no build target: /home/thang/Dropbox/ppl/ast/ASTGen.scala
WARN  no build target: /home/thang/Dropbox/ppl/ast/ASTGen.scala
WARN  no build target: /home/thang/Dropbox/ppl/ast/ASTGen.scala
WARN  no build target: /home/thang/Dropbox/ppl/ast/ASTGen.scala
WARN  no build target: /home/thang/Dropbox/ppl/ast/ASTGen.scala
WARN  no build target: /home/thang/Dropbox/ppl/ast/ASTGen.scala
WARN  no build target: /home/thang/Dropbox/ppl/ast/ASTGen.scala
WARN  no build target: /home/thang/Dropbox/ppl/ast/ASTGen.scala
WARN  no build target: /home/thang/Dropbox/ppl/ast/ASTGen.scala
WARN  no build target: /home/thang/Dropbox/ppl/ast/ASTGen.scala
WARN  no build target: /home/thang/Dropbox/ppl/ast/ASTGen.scala
WARN  no build target: /home/thang/Dropbox/ppl/ast/ASTGen.scala
WARN  no build target: /home/thang/Dropbox/ppl/ast/ASTGen.scala
WARN  no build target: /home/thang/Dropbox/ppl/ast/ASTGen.scala
WARN  no build target: /home/thang/Dropbox/ppl/ast/ASTGen.scala
WARN  no build target: /home/thang/Dropbox/ppl/ast/ASTGen.scala
WARN  no build target: /home/thang/Dropbox/ppl/ast/ASTGen.scala
WARN  no build target: /home/thang/Dropbox/ppl/ast/ASTGen.scala
WARN  no build target: /home/thang/Dropbox/ppl/ast/ASTGen.scala
WARN  no build target: /home/thang/Dropbox/ppl/ast/ASTGen.scala
WARN  no build target: /home/thang/Dropbox/ppl/ast/ASTGen.scala
WARN  no build target: /home/thang/Dropbox/ppl/ast/ASTGen.scala
WARN  no build target: /home/thang/Dropbox/ppl/ast/ASTGen.scala
WARN  no build target: /home/thang/Dropbox/ppl/ast/ASTGen.scala
WARN  no build target: /home/thang/Dropbox/ppl/ast/ASTGen.scala
WARN  no build target: /home/thang/Dropbox/ppl/ast/ASTGen.scala
WARN  no build target: /home/thang/Dropbox/ppl/ast/ASTGen.scala
WARN  no build target: /home/thang/Dropbox/ppl/ast/ASTGen.scala
WARN  no build target: /home/thang/Dropbox/ppl/ast/ASTGen.scala
WARN  no build target: /home/thang/Dropbox/ppl/ast/ASTGen.scala
WARN  no build target: /home/thang/Dropbox/ppl/ast/ASTGen.scala
WARN  no build target: /home/thang/Dropbox/ppl/ast/ASTGen.scala
WARN  no build target: /home/thang/Dropbox/ppl/ast/ASTGen.scala
WARN  no build target: /home/thang/Dropbox/ppl/ast/ASTGen.scala
WARN  no build target: /home/thang/Dropbox/ppl/ast/ASTGen.scala
WARN  no build target: /home/thang/Dropbox/ppl/ast/ASTGen.scala
WARN  no build target: /home/thang/Dropbox/ppl/ast/ASTGen.scala
WARN  no build target: /home/thang/Dropbox/ppl/ast/ASTGen.scala
WARN  no build target: /home/thang/Dropbox/ppl/ast/ASTGen.scala
WARN  no build target: /home/thang/Dropbox/ppl/ast/ASTGen.scala
WARN  no build target: /home/thang/Dropbox/ppl/ast/ASTGen.scala
WARN  no build target: /home/thang/Dropbox/ppl/ast/ASTGen.scala
WARN  no build target: /home/thang/Dropbox/ppl/ast/ASTGen.scala
WARN  no build target: /home/thang/Dropbox/ppl/ast/ASTGen.scala
WARN  no build target: /home/thang/Dropbox/ppl/ast/ASTGen.scala
WARN  no build target: /home/thang/Dropbox/ppl/ast/ASTGen.scala
WARN  no build target: /home/thang/Dropbox/ppl/ast/ASTGen.scala
WARN  no build target: /home/thang/Dropbox/ppl/ast/ASTGen.scala
WARN  no build target: /home/thang/Dropbox/ppl/ast/ASTGen.scala
WARN  no build target: /home/thang/Dropbox/ppl/ast/ASTGen.scala
WARN  no build target: /home/thang/Dropbox/ppl/ast/ASTGen.scala
INFO  shutting down Metals
INFO  time: initialize in 0.72s
WARN  no build tool detected in workspace '/home/thang/Dropbox/ppl/ast'. The most common cause for this problem is that the editor was opened in the wrong working directory, for example if you use sbt then the workspace directory should contain build.sbt. 
INFO  shutting down Metals
